[ApolloClient]: `connectToDevTools` is deprecated and will be removed in Apollo Client 4.0. Please use `devtools.enabled` instead.
[ApolloClient]: `connectToDevTools` is deprecated and will be removed in Apollo Client 4.0. Please use `devtools.enabled` instead.
[ApolloClient]: `connectToDevTools` is deprecated and will be removed in Apollo Client 4.0. Please use `devtools.enabled` instead.
[ApolloClient]: `connectToDevTools` is deprecated and will be removed in Apollo Client 4.0. Please use `devtools.enabled` instead.
 ⨯ upstream image response failed for /on-dark@16x.png [TypeError: Unknown encoding: base64url]
[Error: "url" parameter is valid but upstream response is invalid] {
  statusCode: 500
}
[TypeError: Unknown encoding: base64url]
 ⨯ upstream image response failed for /on-dark@16x.png [TypeError: Unknown encoding: base64url]
[Error: "url" parameter is valid but upstream response is invalid] {
  statusCode: 500
}
[TypeError: Unknown encoding: base64url]
[ApolloClient]: `connectToDevTools` is deprecated and will be removed in Apollo Client 4.0. Please use `devtools.enabled` instead.
 ⨯ upstream image response failed for /on-dark@16x.png [TypeError: Unknown encoding: base64url]
[Error: "url" parameter is valid but upstream response is invalid] {
  statusCode: 500
}
[ApolloClient]: `connectToDevTools` is deprecated and will be removed in Apollo Client 4.0. Please use `devtools.enabled` instead.
 ⨯ upstream image response failed for /on-dark@16x.png [TypeError: Unknown encoding: base64url]
[Error: "url" parameter is valid but upstream response is invalid] {
  statusCode: 500
}
