   ▲ Next.js 15.5.3 (Turbopack)
   - Local:        http://localhost:3000
   - Network:      http://192.168.1.181:3000
   - Environments: .env.local

 ✓ Starting...
 ✓ Ready in 579ms
 ○ Compiling / ...
 ✓ Compiled / in 5.1s
 GET / 200 in 6008ms
 ✓ Compiled /icon.svg in 93ms
 GET /icon.svg?icon.529c8faa.svg 200 in 332ms
 ○ Compiling /[assembly]/[entityType]/[entityID]/[[...tab]] ...
 ✓ Compiled /[assembly]/[entityType]/[entityID]/[[...tab]] in 1300ms
 GET /GRCh38/gene/SP1 200 in 1693ms
 GET /GRCh38/gene/SP1?open=BYegjCDKAKEAxA 200 in 209ms
 GET /icon.svg?icon.529c8faa.svg 200 in 215ms
 GET /GRCh38/gene/SP1/browser?open=BYegjCDKAKEAxA 200 in 187ms
 GET /GRCh38/gene/SP1/browser?open=BYegjCDKAKEAxA 200 in 169ms
 GET /GRCh38/gene/SP1/browser?open=BYegjCDKAKEMxA 200 in 178ms
 GET /icon.svg?icon.529c8faa.svg 200 in 215ms
 ✓ Compiled in 5ms
